<?xml version="1.0" encoding="UTF-8"?>
<testsuite xmlns:xsi="http://www.w3.org/2001/XMLSchema-instance" xsi:noNamespaceSchemaLocation="https://maven.apache.org/surefire/maven-surefire-plugin/xsd/surefire-test-report-3.0.xsd" version="3.0" name="MessageTest" time="0.374" tests="15" errors="0" skipped="0" failures="0">
  <properties>
[...]
</properties>
  <testcase name="testMessageIDCreated" classname="MessageTest" time="0.068"/>
  <testcase name="testDeleteMessage" classname="MessageTest" time="0.174">
    <system-out><![CDATA[Message successfully stored in JSON file.
]]></system-out>
  </testcase>
  <testcase name="testDisplayLongestMessage" classname="MessageTest" time="0.011">
    <system-out><![CDATA[Message successfully stored in JSON file.
]]></system-out>
  </testcase>
  <testcase name="testSearchByMessageID" classname="MessageTest" time="0.004"/>
  <testcase name="testStoreMessage" classname="MessageTest" time="0.007">
    <system-out><![CDATA[Message successfully stored in JSON file.
]]></system-out>
  </testcase>
  <testcase name="testSentMessagesArrayPopulated" classname="MessageTest" time="0.002"/>
  <testcase name="testSendMessage" classname="MessageTest" time="0.002"/>
  <testcase name="testDisplayReport" classname="MessageTest" time="0.005"/>
  <testcase name="testDisregardMessage" classname="MessageTest" time="0.002"/>
  <testcase name="testMessageLengthValid" classname="MessageTest" time="0.001"/>
  <testcase name="testSearchByRecipient" classname="MessageTest" time="0.01">
    <system-out><![CDATA[Message successfully stored in JSON file.
Message successfully stored in JSON file.
]]></system-out>
  </testcase>
  <testcase name="testRecipientCorrectlyFormatted" classname="MessageTest" time="0.002"/>
  <testcase name="testMessageHashCorrect" classname="MessageTest" time="0.002"/>
  <testcase name="testMessageLengthTooLong" classname="MessageTest" time="0.004"/>
  <testcase name="testRecipientIncorrectlyFormatted" classname="MessageTest" time="0.001"/>
</testsuite>